Arguments: 
  /usr/local/bin/node /usr/local/bin/yarn add nodemom

PATH: 
  /opt/homebrew/bin:/opt/homebrew/sbin:/usr/local/bin:/usr/bin:/bin:/usr/sbin:/sbin:/opt/apache-maven/bin

Yarn version: 
  1.22.17

Node version: 
  16.13.2

Platform: 
  darwin arm64

Trace: 
  Error: https://registry.yarnpkg.com/nodemom: Not found
      at Request.params.callback [as _callback] (/usr/local/lib/node_modules/yarn/lib/cli.js:67029:18)
      at Request.self.callback (/usr/local/lib/node_modules/yarn/lib/cli.js:140883:22)
      at Request.emit (node:events:390:28)
      at Request.<anonymous> (/usr/local/lib/node_modules/yarn/lib/cli.js:141855:10)
      at Request.emit (node:events:390:28)
      at IncomingMessage.<anonymous> (/usr/local/lib/node_modules/yarn/lib/cli.js:141777:12)
      at Object.onceWrapper (node:events:509:28)
      at IncomingMessage.emit (node:events:402:35)
      at endReadableNT (node:internal/streams/readable:1343:12)
      at processTicksAndRejections (node:internal/process/task_queues:83:21)

npm manifest: 
  {
    "name": "javascript",
    "version": "1.0.0",
    "main": "script.js",
    "repository": "https://github.com/brunovcg/AdvancedJavascript.git",
    "author": "Bruno Gouveia <brunovcg@gmail.com>",
    "license": "MIT",
    "type": "module",
    "dependencies": {
      "axios": "^0.27.2",
      "babel": "^6.23.0",
      "lodash": "^4.17.21",
      "redux": "^4.2.0"
    }
  }

yarn manifest: 
  No manifest

Lockfile: 
  # THIS IS AN AUTOGENERATED FILE. DO NOT EDIT THIS FILE DIRECTLY.
  # yarn lockfile v1
  
  
  "@babel/runtime@^7.9.2":
    "integrity" "sha512-lSiBBvodq29uShpWGNbgFdKYNiFDo5/HIYsaCEY9ff4sb10x9jizo2+pRrSyF4jKZCXqgzuqBOQKbUm90gQwJg=="
    "resolved" "https://registry.npmjs.org/@babel/runtime/-/runtime-7.17.9.tgz"
    "version" "7.17.9"
    dependencies:
      "regenerator-runtime" "^0.13.4"
  
  "asynckit@^0.4.0":
    "integrity" "sha1-x57Zf380y48robyXkLzDZkdLS3k="
    "resolved" "https://registry.npmjs.org/asynckit/-/asynckit-0.4.0.tgz"
    "version" "0.4.0"
  
  "axios@^0.27.2":
    "integrity" "sha512-t+yRIyySRTp/wua5xEr+z1q60QmLq8ABsS5O9Me1AsE5dfKqgnCFzwiCZZ/cGNd1lq4/7akDWMxdhVlucjmnOQ=="
    "resolved" "https://registry.npmjs.org/axios/-/axios-0.27.2.tgz"
    "version" "0.27.2"
    dependencies:
      "follow-redirects" "^1.14.9"
      "form-data" "^4.0.0"
  
  "babel@^6.23.0":
    "integrity" "sha1-0NHn2APpdHZb7qMjLU4VPA77kPQ="
    "resolved" "https://registry.npmjs.org/babel/-/babel-6.23.0.tgz"
    "version" "6.23.0"
  
  "combined-stream@^1.0.8":
    "integrity" "sha512-FQN4MRfuJeHf7cBbBMJFXhKSDq+2kAArBlmRBvcvFE5BB1HZKXtSFASDhdlz9zOYwxh8lDdnvmMOe/+5cdoEdg=="
    "resolved" "https://registry.npmjs.org/combined-stream/-/combined-stream-1.0.8.tgz"
    "version" "1.0.8"
    dependencies:
      "delayed-stream" "~1.0.0"
  
  "delayed-stream@~1.0.0":
    "integrity" "sha1-3zrhmayt+31ECqrgsp4icrJOxhk="
    "resolved" "https://registry.npmjs.org/delayed-stream/-/delayed-stream-1.0.0.tgz"
    "version" "1.0.0"
  
  "follow-redirects@^1.14.9":
    "integrity" "sha512-aExlJShTV4qOUOL7yF1U5tvLCB0xQuudbf6toyYA0E/acBNw71mvjFTnLaRp50aQaYocMR0a/RMMBIHeZnGyjQ=="
    "resolved" "https://registry.npmjs.org/follow-redirects/-/follow-redirects-1.15.0.tgz"
    "version" "1.15.0"
  
  "form-data@^4.0.0":
    "integrity" "sha512-ETEklSGi5t0QMZuiXoA/Q6vcnxcLQP5vdugSpuAyi6SVGi2clPPp+xgEhuMaHC+zGgn31Kd235W35f7Hykkaww=="
    "resolved" "https://registry.npmjs.org/form-data/-/form-data-4.0.0.tgz"
    "version" "4.0.0"
    dependencies:
      "asynckit" "^0.4.0"
      "combined-stream" "^1.0.8"
      "mime-types" "^2.1.12"
  
  "lodash@^4.17.21":
    "integrity" "sha512-v2kDEe57lecTulaDIuNTPy3Ry4gLGJ6Z1O3vE1krgXZNrsQ+LFTGHVxVjcXPs17LhbZVGedAJv8XZ1tvj5FvSg=="
    "resolved" "https://registry.npmjs.org/lodash/-/lodash-4.17.21.tgz"
    "version" "4.17.21"
  
  "mime-db@1.52.0":
    "integrity" "sha512-sPU4uV7dYlvtWJxwwxHD0PuihVNiE7TyAbQ5SWxDCB9mUYvOgroQOwYQQOKPJ8CIbE+1ETVlOoK1UC2nU3gYvg=="
    "resolved" "https://registry.npmjs.org/mime-db/-/mime-db-1.52.0.tgz"
    "version" "1.52.0"
  
  "mime-types@^2.1.12":
    "integrity" "sha512-ZDY+bPm5zTTF+YpCrAU9nK0UgICYPT0QtT1NZWFv4s++TNkcgVaT0g6+4R2uI4MjQjzysHB1zxuWL50hzaeXiw=="
    "resolved" "https://registry.npmjs.org/mime-types/-/mime-types-2.1.35.tgz"
    "version" "2.1.35"
    dependencies:
      "mime-db" "1.52.0"
  
  "redux@^4.2.0":
    "integrity" "sha512-oSBmcKKIuIR4ME29/AeNUnl5L+hvBq7OaJWzaptTQJAntaPvxIJqfnjbaEiCzzaIz+XmVILfqAM3Ob0aXLPfjA=="
    "resolved" "https://registry.npmjs.org/redux/-/redux-4.2.0.tgz"
    "version" "4.2.0"
    dependencies:
      "@babel/runtime" "^7.9.2"
  
  "regenerator-runtime@^0.13.4":
    "integrity" "sha512-p3VT+cOEgxFsRRA9X4lkI1E+k2/CtnKtU4gcxyaCUreilL/vqI6CdZ3wxVUx3UOUg+gnUOQQcRI7BmSI656MYA=="
    "resolved" "https://registry.npmjs.org/regenerator-runtime/-/regenerator-runtime-0.13.9.tgz"
    "version" "0.13.9"
